* Starting client
* Connecting to master process on port 19711
* Analyzing classpath: 
  - C:\Users\Rhys\eclipse-workspace\maven_evo\target\test-classes
  - C:\Users\Rhys\eclipse-workspace\maven_evo\target\classes
  - C:\Users\Rhys\.m2\repository\junit\junit\4.12\junit-4.12.jar
  - C:\Users\Rhys\.m2\repository\org\hamcrest\hamcrest-core\1.3\hamcrest-core-1.3.jar
  - C:\Users\Rhys\.m2\repository\org\jacoco\org.jacoco.agent\0.8.7\org.jacoco.agent-0.8.7.jar
* Finished analyzing classpath
* Generating tests for class maven_evo.AVLTree
* Test criteria:
  - Line Coverage
  - Branch Coverage
  - Exception
  - Mutation testing (weak)
  - Method-Output Coverage
  - Top-Level Method Coverage
  - No-Exception Top-Level Method Coverage
  - Context Branch Coverage
* Setting up search algorithm for whole suite generation
[MASTER] 20:35:10.852 [pool-2-thread-1] WARN  TestSuiteSerialization - Cannot load tests because file does not exist: C:\Users\Rhys\eclipse-workspace\maven_evo\.evosuite\evosuite-seeds\maven_evo.AVLTree.seed
* Loaded 0 tests from C:\Users\Rhys\eclipse-workspace\maven_evo\.evosuite\evosuite-seeds\maven_evo.AVLTree.seed
* Total number of test goals: 
  - Line 73
  - Branch 48
  - Exception 0
  - MutationFactory 177
  - Output 10
  - Method 8
  - MethodNoException 8
  - CBranchFitnessFactory 48
* Using seed 1650159308391
* Starting evolution
* Search finished after 67s and 140 generations, 66377 statements, best individual has fitness: 24.142857142857142
* Writing sequences to pool
* Minimizing test suite
[MASTER] 20:36:33.190 [pool-2-thread-1] WARN  TestSuiteMinimizer - Minimization timeout. Roll back to original test suite
* Going to analyze the coverage criteria
* Coverage analysis for criterion LINE
* Coverage of criterion LINE: 100%
* Total number of goals: 73
* Number of covered goals: 73
* Coverage analysis for criterion BRANCH
* Coverage of criterion BRANCH: 98%
* Total number of goals: 48
* Number of covered goals: 47
* Coverage analysis for criterion EXCEPTION
* Coverage of criterion EXCEPTION: 100%
* Total number of goals: 6
* Number of covered goals: 6
* Coverage analysis for criterion WEAKMUTATION
* Coverage of criterion WEAKMUTATION: 98%
* Total number of goals: 177
* Number of covered goals: 173
* Coverage analysis for criterion OUTPUT
* Coverage of criterion OUTPUT: 100%
* Total number of goals: 10
* Number of covered goals: 10
* Coverage analysis for criterion METHOD
* Coverage of criterion METHOD: 100%
* Total number of goals: 8
* Number of covered goals: 8
* Coverage analysis for criterion METHODNOEXCEPTION
* Coverage of criterion METHODNOEXCEPTION: 100%
* Total number of goals: 8
* Number of covered goals: 8
* Coverage analysis for criterion CBRANCH
* Coverage of criterion CBRANCH: 58%
* Total number of goals: 48
* Number of covered goals: 28
* Generated 33 tests with total length 364
* Resulting test suite's coverage: 94% (average coverage for all fitness functions)
* Generating assertions
[MASTER] 20:36:39.260 [pool-2-thread-1] WARN  SimpleMutationAssertionGenerator - Assertion minimization is taking too long (0.6684444444444444% of time used, but only 15/33 tests minimized), falling back to using all assertions
[MASTER] 20:36:42.281 [pool-2-thread-1] WARN  SimpleMutationAssertionGenerator - Reached maximum time to generate assertions, aborting assertion generation
* Resulting test suite's mutation score: 75%
* Compiling and checking tests
* Writing JUnit test case 'AVLTree_ESTest' to C:\Users\Rhys\eclipse-workspace\maven_evo\.evosuite\tmp_2022_04_16_20_35_05\tests
* Done!

